  [4;36;1mSQL (0.1ms)[0m   [0;1mSET NAMES 'utf8'[0m
  [4;35;1mSQL (0.1ms)[0m   [0mSET SQL_AUTO_IS_NULL=0[0m
  [4;36;1mSQL (0.2ms)[0m   [0;1mSHOW TABLES[0m
  [4;35;1mSQL (75.9ms)[0m   [0mCREATE TABLE `schema_migrations` (`version` varchar(255) NOT NULL) ENGINE=InnoDB[0m
  [4;36;1mSQL (227.3ms)[0m   [0;1mCREATE UNIQUE INDEX `unique_schema_migrations` ON `schema_migrations` (`version`)[0m
  [4;35;1mSQL (0.3ms)[0m   [0mSHOW TABLES[0m
  [4;36;1mSQL (0.3ms)[0m   [0;1mSELECT version FROM schema_migrations[0m
Migrating to CreateSlugs (20100528120432)
  [4;35;1mSQL (92.9ms)[0m   [0mCREATE TABLE `slugs` (`id` int(11) DEFAULT NULL auto_increment PRIMARY KEY, `name` varchar(255), `sluggable_id` int(11), `sequence` int(11) DEFAULT 1 NOT NULL, `sluggable_type` varchar(40), `scope` varchar(255), `created_at` datetime) ENGINE=InnoDB[0m
  [4;36;1mSQL (102.3ms)[0m   [0;1mCREATE INDEX `index_slugs_on_sluggable_id` ON `slugs` (`sluggable_id`)[0m
  [4;35;1mSQL (100.2ms)[0m   [0mCREATE UNIQUE INDEX `index_slugs_on_n_s_s_and_s` ON `slugs` (`name`, `sluggable_type`, `sequence`, `scope`)[0m
  [4;36;1mSQL (0.5ms)[0m   [0;1mINSERT INTO schema_migrations (version) VALUES ('20100528120432')[0m
Migrating to CreateUsers (20100528120434)
  [4;35;1mSQL (94.2ms)[0m   [0mCREATE TABLE `users` (`id` int(11) DEFAULT NULL auto_increment PRIMARY KEY, `email` varchar(255) NOT NULL, `crypted_password` varchar(255) NOT NULL, `password_salt` varchar(255) NOT NULL, `persistence_token` varchar(255) NOT NULL, `single_access_token` varchar(255) NOT NULL, `perishable_token` varchar(255) NOT NULL, `firstname` varchar(255), `lastname` varchar(255), `cached_slug` varchar(255), `created_at` datetime, `updated_at` datetime) ENGINE=InnoDB[0m
  [4;36;1mUser Columns (1.6ms)[0m   [0;1mSHOW FIELDS FROM `users`[0m
  [4;35;1mSQL (0.1ms)[0m   [0mBEGIN[0m
  [4;36;1mUser Load (0.3ms)[0m   [0;1mSELECT `users`.id FROM `users` WHERE (`users`.`email` = BINARY 'franck.dagostini@gmail.com') LIMIT 1[0m
  [4;35;1mUser Load (0.1ms)[0m   [0mSELECT `users`.id FROM `users` WHERE (`users`.`persistence_token` = BINARY '92f4e9cd81c390cb36ce81aed25e69cfbaa7cf0297b2fe4b97d018089f14e3300d249eac7516cbbec2c5333d45aceca84ac4843dca079299c431b9c0630410e8') LIMIT 1[0m
  [4;36;1mUser Load (0.1ms)[0m   [0;1mSELECT `users`.id FROM `users` WHERE (`users`.`single_access_token` = BINARY '1NBx0vz2Oqljl5klgj0z') LIMIT 1[0m
  [4;35;1mSlug Columns (1.2ms)[0m   [0mSHOW FIELDS FROM `slugs`[0m
  [4;36;1mUser Create (0.3ms)[0m   [0;1mINSERT INTO `users` (`single_access_token`, `created_at`, `crypted_password`, `perishable_token`, `updated_at`, `lastname`, `password_salt`, `persistence_token`, `firstname`, `cached_slug`, `email`) VALUES('1NBx0vz2Oqljl5klgj0z', '2010-05-28 12:04:40', 'a75a88e66325c1062165bc8186cd228d758a86264c1e82ea56d7e3b3e65f103a050171879c99683be44092bfdd16b5a1f899d8f170f4ab51be9ecad81956ba2f', 'mep8T5Dr-VYKqnkqWzb6', '2010-05-28 12:04:40', 'D\'agostini', 'UmWkjI2ErcI0WccCdOP4', '92f4e9cd81c390cb36ce81aed25e69cfbaa7cf0297b2fe4b97d018089f14e3300d249eac7516cbbec2c5333d45aceca84ac4843dca079299c431b9c0630410e8', 'Franck', NULL, 'franck.dagostini@gmail.com')[0m
  [4;35;1mSlug Load (0.2ms)[0m   [0mSELECT * FROM `slugs` WHERE (`slugs`.sluggable_id = NULL AND `slugs`.sluggable_type = 'User') ORDER BY id DESC[0m
  [4;36;1mUser Load (0.2ms)[0m   [0;1mSELECT * FROM `users` WHERE (`users`.`id` = 1) [0m
  [4;35;1mSlug Load (0.2ms)[0m   [0mSELECT * FROM `slugs` WHERE (`slugs`.`name` = 'franck-dagostini' AND `slugs`.`scope` IS NULL) AND (`slugs`.sluggable_id = 1 AND `slugs`.sluggable_type = 'User') ORDER BY id DESC[0m
  [4;36;1mSQL (0.1ms)[0m   [0;1mSELECT count(*) AS count_all FROM `slugs` WHERE (`slugs`.`sluggable_type` = 'User' AND `slugs`.`name` = 'franck-dagostini' AND `slugs`.`scope` IS NULL) [0m
  [4;35;1mSlug Create (0.1ms)[0m   [0mINSERT INTO `slugs` (`name`, `scope`, `sequence`, `created_at`, `sluggable_type`, `sluggable_id`) VALUES('franck-dagostini', NULL, 1, '2010-05-28 12:04:40', 'User', 1)[0m
  [4;36;1mUser Update (0.2ms)[0m   [0;1mUPDATE `users` SET `lastname` = 'D\'agostini', `updated_at` = '2010-05-28 12:04:40', `crypted_password` = 'a75a88e66325c1062165bc8186cd228d758a86264c1e82ea56d7e3b3e65f103a050171879c99683be44092bfdd16b5a1f899d8f170f4ab51be9ecad81956ba2f', `perishable_token` = 'mep8T5Dr-VYKqnkqWzb6', `created_at` = '2010-05-28 12:04:40', `cached_slug` = 'franck-dagostini', `single_access_token` = '1NBx0vz2Oqljl5klgj0z', `firstname` = 'Franck', `email` = 'franck.dagostini@gmail.com', `password_salt` = 'UmWkjI2ErcI0WccCdOP4', `persistence_token` = '92f4e9cd81c390cb36ce81aed25e69cfbaa7cf0297b2fe4b97d018089f14e3300d249eac7516cbbec2c5333d45aceca84ac4843dca079299c431b9c0630410e8' WHERE `id` = 1[0m
  [4;35;1mSQL (0.4ms)[0m   [0mCOMMIT[0m
  [4;36;1mSQL (0.6ms)[0m   [0;1mINSERT INTO schema_migrations (version) VALUES ('20100528120434')[0m
Migrating to CreateRoles (20100528120435)
  [4;35;1mSQL (97.2ms)[0m   [0mCREATE TABLE `roles` (`id` int(11) DEFAULT NULL auto_increment PRIMARY KEY, `name` varchar(40), `authorizable_type` varchar(40), `authorizable_id` int(11), `created_at` datetime, `updated_at` datetime) ENGINE=InnoDB[0m
  [4;36;1mSQL (0.4ms)[0m   [0;1mSHOW TABLES[0m
  [4;35;1mSQL (120.0ms)[0m   [0mCREATE TABLE `roles_users` (`user_id` int(11), `role_id` int(11), `created_at` datetime, `updated_at` datetime) ENGINE=InnoDB[0m
  [4;36;1mUser Load (0.3ms)[0m   [0;1mSELECT * FROM `users` WHERE (`users`.`email` = 'franck.dagostini@gmail.com') LIMIT 1[0m
  [4;35;1mRole Load (0.3ms)[0m   [0mSELECT * FROM `roles` WHERE (name = 'admin' and authorizable_type IS NULL and authorizable_id IS NULL) LIMIT 1[0m
  [4;36;1mRole Columns (0.9ms)[0m   [0;1mSHOW FIELDS FROM `roles`[0m
  [4;35;1mSQL (0.1ms)[0m   [0mBEGIN[0m
  [4;36;1mRole Create (0.8ms)[0m   [0;1mINSERT INTO `roles` (`name`, `created_at`, `authorizable_type`, `updated_at`, `authorizable_id`) VALUES('admin', '2010-05-28 12:04:40', NULL, '2010-05-28 12:04:40', NULL)[0m
  [4;35;1mSQL (0.4ms)[0m   [0mCOMMIT[0m
  [4;36;1mRole Load (0.3ms)[0m   [0;1mSELECT `roles`.id FROM `roles` INNER JOIN `roles_users` ON `roles`.id = `roles_users`.role_id WHERE (`roles`.`id` = 1) AND (`roles_users`.user_id = 1 ) LIMIT 1[0m
  [4;35;1mSQL (0.1ms)[0m   [0mBEGIN[0m
  [4;36;1mSQL (0.9ms)[0m   [0;1mdescribe `roles_users`[0m
  [4;35;1mroles_users Columns (1.3ms)[0m   [0mSHOW FIELDS FROM `roles_users`[0m
  [4;36;1mSQL (0.2ms)[0m   [0;1mINSERT INTO `roles_users` (`created_at`, `updated_at`, `role_id`, `user_id`) VALUES ('2010-05-28 12:04:40', '2010-05-28 12:04:40', 1, 1)[0m
  [4;35;1mSQL (0.4ms)[0m   [0mCOMMIT[0m
  [4;36;1mSQL (0.4ms)[0m   [0;1mINSERT INTO schema_migrations (version) VALUES ('20100528120435')[0m
  [4;35;1mSQL (0.3ms)[0m   [0mSHOW TABLES[0m
  [4;36;1mSQL (0.1ms)[0m   [0;1mSELECT version FROM schema_migrations[0m
  [4;35;1mSQL (0.2ms)[0m   [0mSHOW TABLES[0m
  [4;36;1mSQL (1.4ms)[0m   [0;1mSHOW FIELDS FROM `roles`[0m
  [4;35;1mSQL (1.3ms)[0m   [0mdescribe `roles`[0m
  [4;36;1mSQL (0.2ms)[0m   [0;1mSHOW KEYS FROM `roles`[0m
  [4;35;1mSQL (0.7ms)[0m   [0mSHOW FIELDS FROM `roles_users`[0m
  [4;36;1mSQL (1.4ms)[0m   [0;1mdescribe `roles_users`[0m
  [4;35;1mSQL (0.5ms)[0m   [0mSHOW KEYS FROM `roles_users`[0m
  [4;36;1mSQL (0.7ms)[0m   [0;1mSHOW FIELDS FROM `slugs`[0m
  [4;35;1mSQL (1.1ms)[0m   [0mdescribe `slugs`[0m
  [4;36;1mSQL (0.6ms)[0m   [0;1mSHOW KEYS FROM `slugs`[0m
  [4;35;1mSQL (1.6ms)[0m   [0mSHOW FIELDS FROM `users`[0m
  [4;36;1mSQL (1.3ms)[0m   [0;1mdescribe `users`[0m
  [4;35;1mSQL (0.1ms)[0m   [0mSHOW KEYS FROM `users`[0m
